<?xml version="1.0" encoding="UTF-8"?>
<testng-results ignored="0" total="1" passed="1" failed="0" skipped="0">
  <reporter-output>
  </reporter-output>
  <suite started-at="2023-05-04T15:56:41 IST" name="Default suite" finished-at="2023-05-04T15:57:14 IST" duration-ms="33175">
    <groups>
    </groups>
    <test started-at="2023-05-04T15:56:41 IST" name="Default test" finished-at="2023-05-04T15:57:14 IST" duration-ms="33175">
      <class name="com.example.demo.CA_1.NewTest2">
        <test-method is-config="true" signature="beforeTest()[pri:0, instance:com.example.demo.CA_1.NewTest2@4f6ee6e4]" started-at="2023-05-04T15:56:41 IST" name="beforeTest" finished-at="2023-05-04T15:56:45 IST" duration-ms="3849" status="PASS">
          <reporter-output>
          </reporter-output>
        </test-method> <!-- beforeTest -->
        <test-method signature="f()[pri:0, instance:com.example.demo.CA_1.NewTest2@4f6ee6e4]" started-at="2023-05-04T15:56:45 IST" name="f" finished-at="2023-05-04T15:57:14 IST" duration-ms="29087" status="PASS">
          <reporter-output>
          </reporter-output>
        </test-method> <!-- f -->
        <test-method is-config="true" signature="afterTest()[pri:0, instance:com.example.demo.CA_1.NewTest2@4f6ee6e4]" started-at="2023-05-04T15:57:14 IST" name="afterTest" finished-at="2023-05-04T15:57:14 IST" duration-ms="216" status="PASS">
          <reporter-output>
          </reporter-output>
        </test-method> <!-- afterTest -->
      </class> <!-- com.example.demo.CA_1.NewTest2 -->
    </test> <!-- Default test -->
  </suite> <!-- Default suite -->
</testng-results>
